<?xml version="1.0" encoding="UTF-8"?>
<!-- Generated by org.testng.reporters.JUnitXMLReporter -->
<testsuite ignored="0" hostname="DESKTOP-24HNH68" failures="0" tests="5" name="Test" time="63.46" errors="0" timestamp="2023-07-10T16:36:58 IST">
  <testcase classname="tests.FourTest" name="testFour" time="15.531"/>
  <testcase classname="tests.TwoTest" name="testTwo" time="7.516"/>
  <testcase classname="tests.ThreeTest" name="testThree" time="7.368"/>
  <testcase classname="tests.LoginTest" name="login" time="6.302"/>
  <testcase classname="tests.LoginTest" name="login" time="15.434"/>
</testsuite> <!-- Test -->
